------daughter bash arguments------
100
normal
0 0.10 0.15 0.20 0.25 0.30 0.35 0.40
1111
1111
1500
raw_data
rds
0
100000
TRUE
TRUE
------end of bash output------
<environment: R_GlobalEnv>
$hyper_n_rep
[1] 100

$hyper_distribution
[1] "normal"

$hyper_f_simulated
[1] 0.00 0.10 0.15 0.20 0.25 0.30 0.35 0.40

$hyper_sd
[1] 1 1 1 1

$hyper_sample_ratio
[1] 1 1 1 1

$hyper_max_n
[1] 1500

$hyper_raw_data_folder
[1] "raw_data"

$hyper_file_type
[1] "rds"

$hyper_cores_reduction
[1] 0

$hyper_seed
[1] 100000

$hyper_parallel
[1] TRUE

$hyper_sink
[1] TRUE

$help
[1] FALSE

f_sim: 0, START: 2026-01-07 10:15:11 
f_sim: 0.1, START: 2026-01-07 10:15:11 
f_sim: 0.15, START: 2026-01-07 10:15:11 
f_sim: 0.2, START: 2026-01-07 10:15:11 
f_sim: 0.25, START: 2026-01-07 10:15:11 
f_sim: 0.3, START: 2026-01-07 10:15:11 
f_sim: 0.35, START: 2026-01-07 10:15:11 
f_sim: 0.4, START: 2026-01-07 10:15:11 
Loading required package: foreach
Loading required package: iterators
Loading required package: snow
Loading required package: parallel

Attaching package: ‘parallel’

The following objects are masked from ‘package:snow’:

    clusterApply, clusterApplyLB, clusterCall, clusterEvalQ,
    clusterExport, clusterMap, clusterSplit, makeCluster, parApply,
    parCapply, parLapply, parRapply, parSapply, splitIndices,
    stopCluster

slurmstepd: error: *** STEP 17965723.0 STEPD TERMINATED ON z0509 AT 2026-01-07T10:20:14 DUE TO JOB NOT ENDING WITH SIGNALS ***
srun: error: z0509: task 0: Exited with exit code 1
srun: launch/slurm: _step_signal: Terminating StepId=17965723.0
slurmstepd: error: Container 14412 in cgroup plugin has 39 processes, giving up after 63 sec
slurmstepd: error: *** JOB 17965723 ON z0509 CANCELLED AT 2026-01-07T10:20:32 DUE TO TIME LIMIT ***
